-------------------------------------------------------------------------------
Test set: com.davidsanchez.serenity.DefinitionTestSuite
-------------------------------------------------------------------------------
Tests run: 30, Failures: 8, Errors: 0, Skipped: 8, Time elapsed: 131.862 sec <<< FAILURE! - in com.davidsanchez.serenity.DefinitionTestSuite
Then they should see the check flights page(| LNZ | TFS | 10/12/2015 | 17/12/2015 | 0 | 0 | 5 | 0 | MR | Pepe | Dragon | ZQ |)  Time elapsed: 0.007 sec  <<< FAILURE!
java.lang.AssertionError: null
	at org.junit.Assert.fail(Assert.java:86)
	at org.junit.Assert.assertTrue(Assert.java:41)
	at org.junit.Assert.assertTrue(Assert.java:52)
	at com.davidsanchez.serenity.steps.serenity.EndUserSteps.check_flights_page(EndUserSteps.java:37)
	at com.davidsanchez.serenity.steps.serenity.EndUserSteps$$EnhancerByCGLIB$$e63752f5.CGLIB$check_flights_page$2(<generated>)
	at com.davidsanchez.serenity.steps.serenity.EndUserSteps$$EnhancerByCGLIB$$e63752f5$$FastClassByCGLIB$$53b3acb2.invoke(<generated>)
	at net.sf.cglib.proxy.MethodProxy.invokeSuper(MethodProxy.java:228)
	at net.thucydides.core.steps.StepInterceptor.invokeMethod(StepInterceptor.java:339)
	at net.thucydides.core.steps.StepInterceptor.executeTestStepMethod(StepInterceptor.java:324)
	at net.thucydides.core.steps.StepInterceptor.runTestStep(StepInterceptor.java:299)
	at net.thucydides.core.steps.StepInterceptor.testStepResult(StepInterceptor.java:129)
	at net.thucydides.core.steps.StepInterceptor.intercept(StepInterceptor.java:56)
	at com.davidsanchez.serenity.steps.serenity.EndUserSteps$$EnhancerByCGLIB$$e63752f5.check_flights_page(<generated>)
	at com.davidsanchez.serenity.steps.DefinitionSteps.thenTheyShouldSeeCheckFlightsPage(DefinitionSteps.java:34)
	at ?.Then they should see the check flights page(src/test/resources/features/consult_dictionary/BookingFlight.feature:9)

| LNZ | TFS | 10/12/2015 | 17/12/2015 | 0 | 0 | 5 | 0 | MR | Pepe | Dragon | ZQ |  Time elapsed: 0.008 sec  <<< FAILURE!
java.lang.AssertionError: null
	at org.junit.Assert.fail(Assert.java:86)
	at org.junit.Assert.assertTrue(Assert.java:41)
	at org.junit.Assert.assertTrue(Assert.java:52)
	at com.davidsanchez.serenity.steps.serenity.EndUserSteps.check_flights_page(EndUserSteps.java:37)
	at com.davidsanchez.serenity.steps.serenity.EndUserSteps$$EnhancerByCGLIB$$e63752f5.CGLIB$check_flights_page$2(<generated>)
	at com.davidsanchez.serenity.steps.serenity.EndUserSteps$$EnhancerByCGLIB$$e63752f5$$FastClassByCGLIB$$53b3acb2.invoke(<generated>)
	at net.sf.cglib.proxy.MethodProxy.invokeSuper(MethodProxy.java:228)
	at net.thucydides.core.steps.StepInterceptor.invokeMethod(StepInterceptor.java:339)
	at net.thucydides.core.steps.StepInterceptor.executeTestStepMethod(StepInterceptor.java:324)
	at net.thucydides.core.steps.StepInterceptor.runTestStep(StepInterceptor.java:299)
	at net.thucydides.core.steps.StepInterceptor.testStepResult(StepInterceptor.java:129)
	at net.thucydides.core.steps.StepInterceptor.intercept(StepInterceptor.java:56)
	at com.davidsanchez.serenity.steps.serenity.EndUserSteps$$EnhancerByCGLIB$$e63752f5.check_flights_page(<generated>)
	at com.davidsanchez.serenity.steps.DefinitionSteps.thenTheyShouldSeeCheckFlightsPage(DefinitionSteps.java:34)
	at ?.Then they should see the check flights page(src/test/resources/features/consult_dictionary/BookingFlight.feature:9)

Then they should see the check flights page(| LNZ | TFS | 10/12/2015 | 17/12/2015 | 1 | 0 | 0 | 5 | MRS | Sonia | Sanchez | GB |)  Time elapsed: 0 sec  <<< FAILURE!
java.lang.AssertionError: null
	at org.junit.Assert.fail(Assert.java:86)
	at org.junit.Assert.assertTrue(Assert.java:41)
	at org.junit.Assert.assertTrue(Assert.java:52)
	at com.davidsanchez.serenity.steps.serenity.EndUserSteps.check_flights_page(EndUserSteps.java:37)
	at com.davidsanchez.serenity.steps.serenity.EndUserSteps$$EnhancerByCGLIB$$e63752f5.CGLIB$check_flights_page$2(<generated>)
	at com.davidsanchez.serenity.steps.serenity.EndUserSteps$$EnhancerByCGLIB$$e63752f5$$FastClassByCGLIB$$53b3acb2.invoke(<generated>)
	at net.sf.cglib.proxy.MethodProxy.invokeSuper(MethodProxy.java:228)
	at net.thucydides.core.steps.StepInterceptor.invokeMethod(StepInterceptor.java:339)
	at net.thucydides.core.steps.StepInterceptor.executeTestStepMethod(StepInterceptor.java:324)
	at net.thucydides.core.steps.StepInterceptor.runTestStep(StepInterceptor.java:299)
	at net.thucydides.core.steps.StepInterceptor.testStepResult(StepInterceptor.java:129)
	at net.thucydides.core.steps.StepInterceptor.intercept(StepInterceptor.java:56)
	at com.davidsanchez.serenity.steps.serenity.EndUserSteps$$EnhancerByCGLIB$$e63752f5.check_flights_page(<generated>)
	at com.davidsanchez.serenity.steps.DefinitionSteps.thenTheyShouldSeeCheckFlightsPage(DefinitionSteps.java:34)
	at ?.Then they should see the check flights page(src/test/resources/features/consult_dictionary/BookingFlight.feature:9)

| LNZ | TFS | 10/12/2015 | 17/12/2015 | 1 | 0 | 0 | 5 | MRS | Sonia | Sanchez | GB |  Time elapsed: 0.001 sec  <<< FAILURE!
java.lang.AssertionError: null
	at org.junit.Assert.fail(Assert.java:86)
	at org.junit.Assert.assertTrue(Assert.java:41)
	at org.junit.Assert.assertTrue(Assert.java:52)
	at com.davidsanchez.serenity.steps.serenity.EndUserSteps.check_flights_page(EndUserSteps.java:37)
	at com.davidsanchez.serenity.steps.serenity.EndUserSteps$$EnhancerByCGLIB$$e63752f5.CGLIB$check_flights_page$2(<generated>)
	at com.davidsanchez.serenity.steps.serenity.EndUserSteps$$EnhancerByCGLIB$$e63752f5$$FastClassByCGLIB$$53b3acb2.invoke(<generated>)
	at net.sf.cglib.proxy.MethodProxy.invokeSuper(MethodProxy.java:228)
	at net.thucydides.core.steps.StepInterceptor.invokeMethod(StepInterceptor.java:339)
	at net.thucydides.core.steps.StepInterceptor.executeTestStepMethod(StepInterceptor.java:324)
	at net.thucydides.core.steps.StepInterceptor.runTestStep(StepInterceptor.java:299)
	at net.thucydides.core.steps.StepInterceptor.testStepResult(StepInterceptor.java:129)
	at net.thucydides.core.steps.StepInterceptor.intercept(StepInterceptor.java:56)
	at com.davidsanchez.serenity.steps.serenity.EndUserSteps$$EnhancerByCGLIB$$e63752f5.check_flights_page(<generated>)
	at com.davidsanchez.serenity.steps.DefinitionSteps.thenTheyShouldSeeCheckFlightsPage(DefinitionSteps.java:34)
	at ?.Then they should see the check flights page(src/test/resources/features/consult_dictionary/BookingFlight.feature:9)

Then they should see the check flights page(| SZG | DUB | 14/12/2015 | 21/12/2015 | 1 | 0 | 0 | 0 | MR | Pepe | Dragon | ZQ |)  Time elapsed: 0.001 sec  <<< FAILURE!
net.thucydides.core.webdriver.WebdriverAssertionError: java.lang.AssertionError
	at org.junit.Assert.fail(Assert.java:86)
	at org.junit.Assert.assertTrue(Assert.java:41)
	at org.junit.Assert.assertTrue(Assert.java:52)
	at com.davidsanchez.serenity.steps.serenity.EndUserSteps.possible_trip(EndUserSteps.java:41)
	at com.davidsanchez.serenity.steps.serenity.EndUserSteps$$EnhancerByCGLIB$$e63752f5.CGLIB$possible_trip$7(<generated>)
	at com.davidsanchez.serenity.steps.serenity.EndUserSteps$$EnhancerByCGLIB$$e63752f5$$FastClassByCGLIB$$53b3acb2.invoke(<generated>)
	at net.sf.cglib.proxy.MethodProxy.invokeSuper(MethodProxy.java:228)
	at net.thucydides.core.steps.BaseMethodRunner.invokeMethod(BaseMethodRunner.java:10)
	at net.thucydides.core.steps.NormalMethodRunner.invokeMethodAndNotifyFailures(NormalMethodRunner.java:20)
	at net.thucydides.core.steps.StepInterceptor.runNormalMethod(StepInterceptor.java:239)
	at net.thucydides.core.steps.StepInterceptor.testStepResult(StepInterceptor.java:122)
	at net.thucydides.core.steps.StepInterceptor.intercept(StepInterceptor.java:56)
	at com.davidsanchez.serenity.steps.serenity.EndUserSteps$$EnhancerByCGLIB$$e63752f5.possible_trip(<generated>)
	at com.davidsanchez.serenity.steps.DefinitionSteps.thenTheyShouldSeeCheckFlightsPage(DefinitionSteps.java:35)
	at ?.Then they should see the check flights page(src/test/resources/features/consult_dictionary/BookingFlight.feature:9)
Caused by: java.lang.AssertionError: null
	at org.junit.Assert.fail(Assert.java:86)
	at org.junit.Assert.assertTrue(Assert.java:41)
	at org.junit.Assert.assertTrue(Assert.java:52)
	at com.davidsanchez.serenity.steps.serenity.EndUserSteps.possible_trip(EndUserSteps.java:41)
	at com.davidsanchez.serenity.steps.serenity.EndUserSteps$$EnhancerByCGLIB$$e63752f5.CGLIB$possible_trip$7(<generated>)
	at com.davidsanchez.serenity.steps.serenity.EndUserSteps$$EnhancerByCGLIB$$e63752f5$$FastClassByCGLIB$$53b3acb2.invoke(<generated>)
	at net.sf.cglib.proxy.MethodProxy.invokeSuper(MethodProxy.java:228)
	at net.thucydides.core.steps.BaseMethodRunner.invokeMethod(BaseMethodRunner.java:10)
	at net.thucydides.core.steps.NormalMethodRunner.invokeMethodAndNotifyFailures(NormalMethodRunner.java:20)
	at net.thucydides.core.steps.StepInterceptor.runNormalMethod(StepInterceptor.java:239)
	at net.thucydides.core.steps.StepInterceptor.testStepResult(StepInterceptor.java:122)
	at net.thucydides.core.steps.StepInterceptor.intercept(StepInterceptor.java:56)
	at com.davidsanchez.serenity.steps.serenity.EndUserSteps$$EnhancerByCGLIB$$e63752f5.possible_trip(<generated>)
	at com.davidsanchez.serenity.steps.DefinitionSteps.thenTheyShouldSeeCheckFlightsPage(DefinitionSteps.java:35)
	at sun.reflect.NativeMethodAccessorImpl.invoke0(Native Method)
	at sun.reflect.NativeMethodAccessorImpl.invoke(NativeMethodAccessorImpl.java:62)
	at sun.reflect.DelegatingMethodAccessorImpl.invoke(DelegatingMethodAccessorImpl.java:43)
	at java.lang.reflect.Method.invoke(Method.java:497)
	at cucumber.runtime.Utils$1.call(Utils.java:37)
	at cucumber.runtime.Timeout.timeout(Timeout.java:13)
	at cucumber.runtime.Utils.invoke(Utils.java:31)
	at cucumber.runtime.java.JavaStepDefinition.execute(JavaStepDefinition.java:38)
	at cucumber.runtime.StepDefinitionMatch.runStep(StepDefinitionMatch.java:37)
	at cucumber.runtime.Runtime.runStep(Runtime.java:299)
	at cucumber.runtime.model.StepContainer.runStep(StepContainer.java:44)
	at cucumber.runtime.model.StepContainer.runSteps(StepContainer.java:39)
	at cucumber.runtime.model.CucumberScenario.run(CucumberScenario.java:44)
	at cucumber.runtime.junit.ExecutionUnitRunner.run(ExecutionUnitRunner.java:91)
	at org.junit.runners.Suite.runChild(Suite.java:128)
	at org.junit.runners.Suite.runChild(Suite.java:27)
	at org.junit.runners.ParentRunner$3.run(ParentRunner.java:290)
	at org.junit.runners.ParentRunner$1.schedule(ParentRunner.java:71)
	at org.junit.runners.ParentRunner.runChildren(ParentRunner.java:288)
	at org.junit.runners.ParentRunner.access$000(ParentRunner.java:58)
	at org.junit.runners.ParentRunner$2.evaluate(ParentRunner.java:268)
	at org.junit.runners.ParentRunner.run(ParentRunner.java:363)
	at cucumber.runtime.junit.ExamplesRunner.run(ExamplesRunner.java:59)
	at org.junit.runners.Suite.runChild(Suite.java:128)
	at org.junit.runners.Suite.runChild(Suite.java:27)
	at org.junit.runners.ParentRunner$3.run(ParentRunner.java:290)
	at org.junit.runners.ParentRunner$1.schedule(ParentRunner.java:71)
	at org.junit.runners.ParentRunner.runChildren(ParentRunner.java:288)
	at org.junit.runners.ParentRunner.access$000(ParentRunner.java:58)
	at org.junit.runners.ParentRunner$2.evaluate(ParentRunner.java:268)
	at org.junit.runners.ParentRunner.run(ParentRunner.java:363)
	at cucumber.runtime.junit.ScenarioOutlineRunner.run(ScenarioOutlineRunner.java:53)
	at cucumber.runtime.junit.FeatureRunner.runChild(FeatureRunner.java:63)
	at cucumber.runtime.junit.FeatureRunner.runChild(FeatureRunner.java:18)
	at org.junit.runners.ParentRunner$3.run(ParentRunner.java:290)
	at org.junit.runners.ParentRunner$1.schedule(ParentRunner.java:71)
	at org.junit.runners.ParentRunner.runChildren(ParentRunner.java:288)
	at org.junit.runners.ParentRunner.access$000(ParentRunner.java:58)
	at org.junit.runners.ParentRunner$2.evaluate(ParentRunner.java:268)
	at org.junit.runners.ParentRunner.run(ParentRunner.java:363)
	at cucumber.runtime.junit.FeatureRunner.run(FeatureRunner.java:70)
	at cucumber.api.junit.Cucumber.runChild(Cucumber.java:93)
	at cucumber.api.junit.Cucumber.runChild(Cucumber.java:37)
	at org.junit.runners.ParentRunner$3.run(ParentRunner.java:290)
	at org.junit.runners.ParentRunner$1.schedule(ParentRunner.java:71)
	at org.junit.runners.ParentRunner.runChildren(ParentRunner.java:288)
	at org.junit.runners.ParentRunner.access$000(ParentRunner.java:58)
	at org.junit.runners.ParentRunner$2.evaluate(ParentRunner.java:268)
	at org.junit.runners.ParentRunner.run(ParentRunner.java:363)
	at cucumber.api.junit.Cucumber.run(Cucumber.java:98)
	at org.apache.maven.surefire.junit4.JUnit4Provider.execute(JUnit4Provider.java:283)
	at org.apache.maven.surefire.junit4.JUnit4Provider.executeWithRerun(JUnit4Provider.java:173)
	at org.apache.maven.surefire.junit4.JUnit4Provider.executeTestSet(JUnit4Provider.java:153)
	at org.apache.maven.surefire.junit4.JUnit4Provider.invoke(JUnit4Provider.java:128)
	at org.apache.maven.surefire.booter.ForkedBooter.invokeProviderInSameClassLoader(ForkedBooter.java:203)
	at org.apache.maven.surefire.booter.ForkedBooter.runSuitesInProcess(ForkedBooter.java:155)
	at org.apache.maven.surefire.booter.ForkedBooter.main(ForkedBooter.java:103)

| SZG | DUB | 14/12/2015 | 21/12/2015 | 1 | 0 | 0 | 0 | MR | Pepe | Dragon | ZQ |  Time elapsed: 0.002 sec  <<< FAILURE!
net.thucydides.core.webdriver.WebdriverAssertionError: java.lang.AssertionError
	at org.junit.Assert.fail(Assert.java:86)
	at org.junit.Assert.assertTrue(Assert.java:41)
	at org.junit.Assert.assertTrue(Assert.java:52)
	at com.davidsanchez.serenity.steps.serenity.EndUserSteps.possible_trip(EndUserSteps.java:41)
	at com.davidsanchez.serenity.steps.serenity.EndUserSteps$$EnhancerByCGLIB$$e63752f5.CGLIB$possible_trip$7(<generated>)
	at com.davidsanchez.serenity.steps.serenity.EndUserSteps$$EnhancerByCGLIB$$e63752f5$$FastClassByCGLIB$$53b3acb2.invoke(<generated>)
	at net.sf.cglib.proxy.MethodProxy.invokeSuper(MethodProxy.java:228)
	at net.thucydides.core.steps.BaseMethodRunner.invokeMethod(BaseMethodRunner.java:10)
	at net.thucydides.core.steps.NormalMethodRunner.invokeMethodAndNotifyFailures(NormalMethodRunner.java:20)
	at net.thucydides.core.steps.StepInterceptor.runNormalMethod(StepInterceptor.java:239)
	at net.thucydides.core.steps.StepInterceptor.testStepResult(StepInterceptor.java:122)
	at net.thucydides.core.steps.StepInterceptor.intercept(StepInterceptor.java:56)
	at com.davidsanchez.serenity.steps.serenity.EndUserSteps$$EnhancerByCGLIB$$e63752f5.possible_trip(<generated>)
	at com.davidsanchez.serenity.steps.DefinitionSteps.thenTheyShouldSeeCheckFlightsPage(DefinitionSteps.java:35)
	at ?.Then they should see the check flights page(src/test/resources/features/consult_dictionary/BookingFlight.feature:9)
Caused by: java.lang.AssertionError: null
	at org.junit.Assert.fail(Assert.java:86)
	at org.junit.Assert.assertTrue(Assert.java:41)
	at org.junit.Assert.assertTrue(Assert.java:52)
	at com.davidsanchez.serenity.steps.serenity.EndUserSteps.possible_trip(EndUserSteps.java:41)
	at com.davidsanchez.serenity.steps.serenity.EndUserSteps$$EnhancerByCGLIB$$e63752f5.CGLIB$possible_trip$7(<generated>)
	at com.davidsanchez.serenity.steps.serenity.EndUserSteps$$EnhancerByCGLIB$$e63752f5$$FastClassByCGLIB$$53b3acb2.invoke(<generated>)
	at net.sf.cglib.proxy.MethodProxy.invokeSuper(MethodProxy.java:228)
	at net.thucydides.core.steps.BaseMethodRunner.invokeMethod(BaseMethodRunner.java:10)
	at net.thucydides.core.steps.NormalMethodRunner.invokeMethodAndNotifyFailures(NormalMethodRunner.java:20)
	at net.thucydides.core.steps.StepInterceptor.runNormalMethod(StepInterceptor.java:239)
	at net.thucydides.core.steps.StepInterceptor.testStepResult(StepInterceptor.java:122)
	at net.thucydides.core.steps.StepInterceptor.intercept(StepInterceptor.java:56)
	at com.davidsanchez.serenity.steps.serenity.EndUserSteps$$EnhancerByCGLIB$$e63752f5.possible_trip(<generated>)
	at com.davidsanchez.serenity.steps.DefinitionSteps.thenTheyShouldSeeCheckFlightsPage(DefinitionSteps.java:35)
	at sun.reflect.NativeMethodAccessorImpl.invoke0(Native Method)
	at sun.reflect.NativeMethodAccessorImpl.invoke(NativeMethodAccessorImpl.java:62)
	at sun.reflect.DelegatingMethodAccessorImpl.invoke(DelegatingMethodAccessorImpl.java:43)
	at java.lang.reflect.Method.invoke(Method.java:497)
	at cucumber.runtime.Utils$1.call(Utils.java:37)
	at cucumber.runtime.Timeout.timeout(Timeout.java:13)
	at cucumber.runtime.Utils.invoke(Utils.java:31)
	at cucumber.runtime.java.JavaStepDefinition.execute(JavaStepDefinition.java:38)
	at cucumber.runtime.StepDefinitionMatch.runStep(StepDefinitionMatch.java:37)
	at cucumber.runtime.Runtime.runStep(Runtime.java:299)
	at cucumber.runtime.model.StepContainer.runStep(StepContainer.java:44)
	at cucumber.runtime.model.StepContainer.runSteps(StepContainer.java:39)
	at cucumber.runtime.model.CucumberScenario.run(CucumberScenario.java:44)
	at cucumber.runtime.junit.ExecutionUnitRunner.run(ExecutionUnitRunner.java:91)
	at org.junit.runners.Suite.runChild(Suite.java:128)
	at org.junit.runners.Suite.runChild(Suite.java:27)
	at org.junit.runners.ParentRunner$3.run(ParentRunner.java:290)
	at org.junit.runners.ParentRunner$1.schedule(ParentRunner.java:71)
	at org.junit.runners.ParentRunner.runChildren(ParentRunner.java:288)
	at org.junit.runners.ParentRunner.access$000(ParentRunner.java:58)
	at org.junit.runners.ParentRunner$2.evaluate(ParentRunner.java:268)
	at org.junit.runners.ParentRunner.run(ParentRunner.java:363)
	at cucumber.runtime.junit.ExamplesRunner.run(ExamplesRunner.java:59)
	at org.junit.runners.Suite.runChild(Suite.java:128)
	at org.junit.runners.Suite.runChild(Suite.java:27)
	at org.junit.runners.ParentRunner$3.run(ParentRunner.java:290)
	at org.junit.runners.ParentRunner$1.schedule(ParentRunner.java:71)
	at org.junit.runners.ParentRunner.runChildren(ParentRunner.java:288)
	at org.junit.runners.ParentRunner.access$000(ParentRunner.java:58)
	at org.junit.runners.ParentRunner$2.evaluate(ParentRunner.java:268)
	at org.junit.runners.ParentRunner.run(ParentRunner.java:363)
	at cucumber.runtime.junit.ScenarioOutlineRunner.run(ScenarioOutlineRunner.java:53)
	at cucumber.runtime.junit.FeatureRunner.runChild(FeatureRunner.java:63)
	at cucumber.runtime.junit.FeatureRunner.runChild(FeatureRunner.java:18)
	at org.junit.runners.ParentRunner$3.run(ParentRunner.java:290)
	at org.junit.runners.ParentRunner$1.schedule(ParentRunner.java:71)
	at org.junit.runners.ParentRunner.runChildren(ParentRunner.java:288)
	at org.junit.runners.ParentRunner.access$000(ParentRunner.java:58)
	at org.junit.runners.ParentRunner$2.evaluate(ParentRunner.java:268)
	at org.junit.runners.ParentRunner.run(ParentRunner.java:363)
	at cucumber.runtime.junit.FeatureRunner.run(FeatureRunner.java:70)
	at cucumber.api.junit.Cucumber.runChild(Cucumber.java:93)
	at cucumber.api.junit.Cucumber.runChild(Cucumber.java:37)
	at org.junit.runners.ParentRunner$3.run(ParentRunner.java:290)
	at org.junit.runners.ParentRunner$1.schedule(ParentRunner.java:71)
	at org.junit.runners.ParentRunner.runChildren(ParentRunner.java:288)
	at org.junit.runners.ParentRunner.access$000(ParentRunner.java:58)
	at org.junit.runners.ParentRunner$2.evaluate(ParentRunner.java:268)
	at org.junit.runners.ParentRunner.run(ParentRunner.java:363)
	at cucumber.api.junit.Cucumber.run(Cucumber.java:98)
	at org.apache.maven.surefire.junit4.JUnit4Provider.execute(JUnit4Provider.java:283)
	at org.apache.maven.surefire.junit4.JUnit4Provider.executeWithRerun(JUnit4Provider.java:173)
	at org.apache.maven.surefire.junit4.JUnit4Provider.executeTestSet(JUnit4Provider.java:153)
	at org.apache.maven.surefire.junit4.JUnit4Provider.invoke(JUnit4Provider.java:128)
	at org.apache.maven.surefire.booter.ForkedBooter.invokeProviderInSameClassLoader(ForkedBooter.java:203)
	at org.apache.maven.surefire.booter.ForkedBooter.runSuitesInProcess(ForkedBooter.java:155)
	at org.apache.maven.surefire.booter.ForkedBooter.main(ForkedBooter.java:103)

Then they should see the check flights page(| SZG | DUB | 21/12/2015 | 14/12/2015 | 1 | 0 | 0 | 0 | MR | Pepe | Dragon | ZQ |)  Time elapsed: 0 sec  <<< FAILURE!
java.lang.AssertionError: null
	at org.junit.Assert.fail(Assert.java:86)
	at org.junit.Assert.assertTrue(Assert.java:41)
	at org.junit.Assert.assertTrue(Assert.java:52)
	at com.davidsanchez.serenity.steps.serenity.EndUserSteps.check_flights_page(EndUserSteps.java:37)
	at com.davidsanchez.serenity.steps.serenity.EndUserSteps$$EnhancerByCGLIB$$e63752f5.CGLIB$check_flights_page$2(<generated>)
	at com.davidsanchez.serenity.steps.serenity.EndUserSteps$$EnhancerByCGLIB$$e63752f5$$FastClassByCGLIB$$53b3acb2.invoke(<generated>)
	at net.sf.cglib.proxy.MethodProxy.invokeSuper(MethodProxy.java:228)
	at net.thucydides.core.steps.StepInterceptor.invokeMethod(StepInterceptor.java:339)
	at net.thucydides.core.steps.StepInterceptor.executeTestStepMethod(StepInterceptor.java:324)
	at net.thucydides.core.steps.StepInterceptor.runTestStep(StepInterceptor.java:299)
	at net.thucydides.core.steps.StepInterceptor.testStepResult(StepInterceptor.java:129)
	at net.thucydides.core.steps.StepInterceptor.intercept(StepInterceptor.java:56)
	at com.davidsanchez.serenity.steps.serenity.EndUserSteps$$EnhancerByCGLIB$$e63752f5.check_flights_page(<generated>)
	at com.davidsanchez.serenity.steps.DefinitionSteps.thenTheyShouldSeeCheckFlightsPage(DefinitionSteps.java:34)
	at ?.Then they should see the check flights page(src/test/resources/features/consult_dictionary/BookingFlight.feature:9)

| SZG | DUB | 21/12/2015 | 14/12/2015 | 1 | 0 | 0 | 0 | MR | Pepe | Dragon | ZQ |  Time elapsed: 0.001 sec  <<< FAILURE!
java.lang.AssertionError: null
	at org.junit.Assert.fail(Assert.java:86)
	at org.junit.Assert.assertTrue(Assert.java:41)
	at org.junit.Assert.assertTrue(Assert.java:52)
	at com.davidsanchez.serenity.steps.serenity.EndUserSteps.check_flights_page(EndUserSteps.java:37)
	at com.davidsanchez.serenity.steps.serenity.EndUserSteps$$EnhancerByCGLIB$$e63752f5.CGLIB$check_flights_page$2(<generated>)
	at com.davidsanchez.serenity.steps.serenity.EndUserSteps$$EnhancerByCGLIB$$e63752f5$$FastClassByCGLIB$$53b3acb2.invoke(<generated>)
	at net.sf.cglib.proxy.MethodProxy.invokeSuper(MethodProxy.java:228)
	at net.thucydides.core.steps.StepInterceptor.invokeMethod(StepInterceptor.java:339)
	at net.thucydides.core.steps.StepInterceptor.executeTestStepMethod(StepInterceptor.java:324)
	at net.thucydides.core.steps.StepInterceptor.runTestStep(StepInterceptor.java:299)
	at net.thucydides.core.steps.StepInterceptor.testStepResult(StepInterceptor.java:129)
	at net.thucydides.core.steps.StepInterceptor.intercept(StepInterceptor.java:56)
	at com.davidsanchez.serenity.steps.serenity.EndUserSteps$$EnhancerByCGLIB$$e63752f5.check_flights_page(<generated>)
	at com.davidsanchez.serenity.steps.DefinitionSteps.thenTheyShouldSeeCheckFlightsPage(DefinitionSteps.java:34)
	at ?.Then they should see the check flights page(src/test/resources/features/consult_dictionary/BookingFlight.feature:9)

